<?xml version="1.0" encoding="UTF-8"?>
<!-- Generated by org.testng.reporters.JUnitReportReporter -->
<testsuite hostname="LAPTOP-4FN0AGO1" failures="0" tests="1" name="test.VarifyLogOutFunction" time="14.363" errors="0" timestamp="2023-04-21T21:33:51 IST" skipped="0">
  <testcase classname="test.VarifyLogOutFunction" name="verifyIfACustomerAbletoPlace" time="14.363"/>
  <system-out/>
</testsuite> <!-- test.VarifyLogOutFunction -->
